{"level":"info","message":"Match 3710 created","timestamp":"2017-07-04T20:06:08.877Z"}
{"level":"info","message":"Match 3717 created","timestamp":"2017-07-04T20:39:02.416Z"}
{"level":"info","message":"match: 3711 deleted by (unknown)","timestamp":"2017-07-04T21:07:03.678Z"}
{"level":"info","message":"match: 3717 deleted by (unknown)","timestamp":"2017-07-04T21:07:46.783Z"}
{"level":"info","message":"match: 3701 deleted by (unknown)","timestamp":"2017-07-05T10:37:57.650Z"}
{"level":"info","message":"match: 3712 deleted by (unknown)","timestamp":"2017-07-05T10:37:59.321Z"}
{"level":"info","message":"match: 3710 deleted by (unknown)","timestamp":"2017-07-05T10:38:16.106Z"}
{"level":"info","message":"Match 3718 created","timestamp":"2017-07-05T10:38:49.431Z"}
{"level":"info","message":"Match 3719 created","timestamp":"2017-07-05T10:39:20.963Z"}
{"level":"info","message":"Match 3720 created","timestamp":"2017-07-05T10:39:46.612Z"}
{"level":"info","message":"Match 3721 created","timestamp":"2017-07-05T10:40:08.846Z"}
{"level":"info","message":"Match 3722 created","timestamp":"2017-07-05T10:40:32.770Z"}
{"level":"info","message":"Match 3723 created","timestamp":"2017-07-05T10:40:53.345Z"}
{"level":"info","message":"Match 3724 created","timestamp":"2017-07-05T10:41:13.999Z"}
{"level":"info","message":"Match 3725 created","timestamp":"2017-07-05T10:41:41.521Z"}
{"level":"info","message":"Match 3726 created","timestamp":"2017-07-05T10:41:57.571Z"}
{"level":"info","message":"Match 3727 created","timestamp":"2017-07-05T10:42:18.554Z"}
{"level":"info","message":"Nick logged in","timestamp":"2017-07-05T10:42:58.171Z"}
{"level":"info","message":"Match 3719 created","timestamp":"2017-07-05T10:43:37.518Z"}
{"level":"info","message":"Match 3719 created","timestamp":"2017-07-05T11:29:05.139Z"}
{"level":"info","message":"Match 3719 created","timestamp":"2017-07-05T11:31:37.838Z"}
{"level":"info","message":"Match 3719 edited by (unknown)","timestamp":"2017-07-05T11:53:20.370Z"}
{"level":"info","message":"Nick logged in","timestamp":"2017-07-05T12:01:21.483Z"}
{"level":"info","message":"Nick logged in","timestamp":"2017-07-05T15:13:31.943Z"}
{"level":"info","message":"(unknown) logged out","timestamp":"2017-07-05T15:14:24.330Z"}
{"level":"info","message":"Nick logged in","timestamp":"2017-07-05T15:14:30.556Z"}
{"level":"info","message":"Nick logged in","timestamp":"2017-07-05T15:17:20.914Z"}
{"level":"info","message":"Nick logged in","timestamp":"2017-07-05T15:23:01.079Z"}
{"level":"info","message":"Nick logged in","timestamp":"2017-07-05T15:30:55.605Z"}
{"level":"info","message":"Nick logged in","timestamp":"2017-07-05T15:36:27.231Z"}
{"level":"info","message":"Nick logged in","timestamp":"2017-07-05T15:37:32.281Z"}
{"level":"info","message":"Nick logged in","timestamp":"2017-07-05T22:24:14.359Z"}
{"level":"info","message":"(unknown) logged out","timestamp":"2017-07-05T23:17:59.614Z"}
{"level":"info","message":"Nick logged in","timestamp":"2017-07-05T23:18:07.191Z"}
{"level":"info","message":"Nick logged in","timestamp":"2017-07-05T23:26:03.824Z"}
{"level":"info","message":"(unknown) logged out","timestamp":"2017-07-05T23:30:58.403Z"}
{"level":"info","message":"Nick logged in","timestamp":"2017-07-05T23:31:04.533Z"}
{"level":"info","message":"Nick logged out","timestamp":"2017-07-06T00:21:11.611Z"}
{"level":"info","message":"Nick logged in","timestamp":"2017-07-06T00:21:35.422Z"}
{"level":"info","message":"Match 3724 edited by Nick","timestamp":"2017-07-06T00:36:03.627Z"}
{"level":"info","message":"Match 3723 edited by Nick","timestamp":"2017-07-06T00:36:42.961Z"}
{"level":"info","message":"Match 3718 edited by Nick","timestamp":"2017-07-06T00:37:17.779Z"}
{"level":"info","message":"Nick logged in","timestamp":"2017-07-06T08:19:06.506Z"}
{"level":"info","message":"Match 3726 edited by (unknown)","timestamp":"2017-07-06T13:03:37.702Z"}
{"level":"info","message":"Nick logged in","timestamp":"2017-07-06T13:03:47.796Z"}
{"level":"info","message":"Match 3721 edited by (unknown)","timestamp":"2017-07-07T09:08:07.629Z"}
{"level":"info","message":"Match 3725 edited by (unknown)","timestamp":"2017-07-07T09:08:34.730Z"}
{"level":"info","message":"Nick logged in","timestamp":"2017-07-07T09:11:59.274Z"}
{"level":"info","message":"Nick logged in","timestamp":"2017-07-07T10:04:40.389Z"}
{"level":"info","message":"Nick logged in","timestamp":"2017-07-08T08:22:34.853Z"}
{"level":"info","message":"Match 3718 result set to: 2-0 by (unknown)","timestamp":"2017-07-08T11:59:45.837Z"}
{"level":"info","message":"updating match 3718 recreated 1/0 standings for week 501","timestamp":"2017-07-08T11:59:45.947Z"}
{"level":"info","message":"updated match 3718, recreating 18/0 places for week 501 in 112ms","timestamp":"2017-07-08T11:59:45.951Z"}
{"level":"info","message":"1 predictions/1 bets updated","timestamp":"2017-07-08T11:59:45.951Z"}
{"level":"info","message":"Match 3659 result set to: 2-0 by (unknown)","timestamp":"2017-07-08T22:30:44.145Z"}
{"level":"info","message":"updated match 3659, recreating 18/0 places for week 439 in 100ms","timestamp":"2017-07-08T22:30:44.247Z"}
{"level":"info","message":"0 predictions/4 bets updated","timestamp":"2017-07-08T22:30:44.248Z"}
{"level":"info","message":"Match 3686 result set to: 0-2 by (unknown)","timestamp":"2017-07-08T22:35:26.062Z"}
{"level":"info","message":"updated match 3686, recreating 18/0 places for week 440 in 55ms","timestamp":"2017-07-08T22:35:26.118Z"}
{"level":"info","message":"0 predictions/2 bets updated","timestamp":"2017-07-08T22:35:26.119Z"}
{"message":"val.replace is not a function","stack":"TypeError: val.replace is not a function\n    at Object.SqlString.escape (/Users/nickm/Dropbox/www/dicanio/node_modules/sequelize/lib/sql-string.js:63:15)\n    at Object.escape (/Users/nickm/Dropbox/www/dicanio/node_modules/sequelize/lib/dialects/abstract/query-generator.js:978:22)\n    at Object.whereItemQuery (/Users/nickm/Dropbox/www/dicanio/node_modules/sequelize/lib/dialects/abstract/query-generator.js:2362:22)\n    at /Users/nickm/Dropbox/www/dicanio/node_modules/sequelize/lib/dialects/abstract/query-generator.js:1993:25\n    at /Users/nickm/Dropbox/www/dicanio/node_modules/sequelize/node_modules/lodash/lodash.js:4389:15\n    at baseForOwn (/Users/nickm/Dropbox/www/dicanio/node_modules/sequelize/node_modules/lodash/lodash.js:2652:24)\n    at Function.forOwn (/Users/nickm/Dropbox/www/dicanio/node_modules/sequelize/node_modules/lodash/lodash.js:12254:24)\n    at Object.whereItemsQuery (/Users/nickm/Dropbox/www/dicanio/node_modules/sequelize/lib/dialects/abstract/query-generator.js:1992:9)\n    at Object.getWhereConditions (/Users/nickm/Dropbox/www/dicanio/node_modules/sequelize/lib/dialects/abstract/query-generator.js:2427:19)\n    at Object.selectQuery (/Users/nickm/Dropbox/www/dicanio/node_modules/sequelize/lib/dialects/abstract/query-generator.js:1529:28)\n    at QueryInterface.select (/Users/nickm/Dropbox/www/dicanio/node_modules/sequelize/lib/query-interface.js:669:25)\n    at Model.<anonymous> (/Users/nickm/Dropbox/www/dicanio/node_modules/sequelize/lib/model.js:1398:32)\n    at Model.tryCatcher (/Users/nickm/Dropbox/www/dicanio/node_modules/bluebird/js/release/util.js:16:23)\n    at Promise._settlePromiseFromHandler (/Users/nickm/Dropbox/www/dicanio/node_modules/bluebird/js/release/promise.js:512:31)\n    at Promise._settlePromise (/Users/nickm/Dropbox/www/dicanio/node_modules/bluebird/js/release/promise.js:569:18)\n    at Promise._settlePromise0 (/Users/nickm/Dropbox/www/dicanio/node_modules/bluebird/js/release/promise.js:614:10)","level":"error","timestamp":"2017-07-08T23:06:42.737Z"}
{"message":"val.replace is not a function","stack":"TypeError: val.replace is not a function\n    at Object.SqlString.escape (/Users/nickm/Dropbox/www/dicanio/node_modules/sequelize/lib/sql-string.js:63:15)\n    at Object.escape (/Users/nickm/Dropbox/www/dicanio/node_modules/sequelize/lib/dialects/abstract/query-generator.js:978:22)\n    at Object.whereItemQuery (/Users/nickm/Dropbox/www/dicanio/node_modules/sequelize/lib/dialects/abstract/query-generator.js:2362:22)\n    at /Users/nickm/Dropbox/www/dicanio/node_modules/sequelize/lib/dialects/abstract/query-generator.js:1993:25\n    at /Users/nickm/Dropbox/www/dicanio/node_modules/sequelize/node_modules/lodash/lodash.js:4389:15\n    at baseForOwn (/Users/nickm/Dropbox/www/dicanio/node_modules/sequelize/node_modules/lodash/lodash.js:2652:24)\n    at Function.forOwn (/Users/nickm/Dropbox/www/dicanio/node_modules/sequelize/node_modules/lodash/lodash.js:12254:24)\n    at Object.whereItemsQuery (/Users/nickm/Dropbox/www/dicanio/node_modules/sequelize/lib/dialects/abstract/query-generator.js:1992:9)\n    at Object.getWhereConditions (/Users/nickm/Dropbox/www/dicanio/node_modules/sequelize/lib/dialects/abstract/query-generator.js:2427:19)\n    at Object.selectQuery (/Users/nickm/Dropbox/www/dicanio/node_modules/sequelize/lib/dialects/abstract/query-generator.js:1529:28)\n    at QueryInterface.select (/Users/nickm/Dropbox/www/dicanio/node_modules/sequelize/lib/query-interface.js:669:25)\n    at Model.<anonymous> (/Users/nickm/Dropbox/www/dicanio/node_modules/sequelize/lib/model.js:1398:32)\n    at Model.tryCatcher (/Users/nickm/Dropbox/www/dicanio/node_modules/bluebird/js/release/util.js:16:23)\n    at Promise._settlePromiseFromHandler (/Users/nickm/Dropbox/www/dicanio/node_modules/bluebird/js/release/promise.js:512:31)\n    at Promise._settlePromise (/Users/nickm/Dropbox/www/dicanio/node_modules/bluebird/js/release/promise.js:569:18)\n    at Promise._settlePromise0 (/Users/nickm/Dropbox/www/dicanio/node_modules/bluebird/js/release/promise.js:614:10)","level":"error","timestamp":"2017-07-08T23:06:52.651Z"}
{"message":"val.replace is not a function","stack":"TypeError: val.replace is not a function\n    at Object.SqlString.escape (/Users/nickm/Dropbox/www/dicanio/node_modules/sequelize/lib/sql-string.js:63:15)\n    at Object.escape (/Users/nickm/Dropbox/www/dicanio/node_modules/sequelize/lib/dialects/abstract/query-generator.js:978:22)\n    at Object.whereItemQuery (/Users/nickm/Dropbox/www/dicanio/node_modules/sequelize/lib/dialects/abstract/query-generator.js:2362:22)\n    at /Users/nickm/Dropbox/www/dicanio/node_modules/sequelize/lib/dialects/abstract/query-generator.js:1993:25\n    at /Users/nickm/Dropbox/www/dicanio/node_modules/sequelize/node_modules/lodash/lodash.js:4389:15\n    at baseForOwn (/Users/nickm/Dropbox/www/dicanio/node_modules/sequelize/node_modules/lodash/lodash.js:2652:24)\n    at Function.forOwn (/Users/nickm/Dropbox/www/dicanio/node_modules/sequelize/node_modules/lodash/lodash.js:12254:24)\n    at Object.whereItemsQuery (/Users/nickm/Dropbox/www/dicanio/node_modules/sequelize/lib/dialects/abstract/query-generator.js:1992:9)\n    at Object.getWhereConditions (/Users/nickm/Dropbox/www/dicanio/node_modules/sequelize/lib/dialects/abstract/query-generator.js:2427:19)\n    at Object.selectQuery (/Users/nickm/Dropbox/www/dicanio/node_modules/sequelize/lib/dialects/abstract/query-generator.js:1529:28)\n    at QueryInterface.select (/Users/nickm/Dropbox/www/dicanio/node_modules/sequelize/lib/query-interface.js:669:25)\n    at Model.<anonymous> (/Users/nickm/Dropbox/www/dicanio/node_modules/sequelize/lib/model.js:1398:32)\n    at Model.tryCatcher (/Users/nickm/Dropbox/www/dicanio/node_modules/bluebird/js/release/util.js:16:23)\n    at Promise._settlePromiseFromHandler (/Users/nickm/Dropbox/www/dicanio/node_modules/bluebird/js/release/promise.js:512:31)\n    at Promise._settlePromise (/Users/nickm/Dropbox/www/dicanio/node_modules/bluebird/js/release/promise.js:569:18)\n    at Promise._settlePromise0 (/Users/nickm/Dropbox/www/dicanio/node_modules/bluebird/js/release/promise.js:614:10)","level":"error","timestamp":"2017-07-08T23:07:22.403Z"}
{"message":"val.replace is not a function","stack":"TypeError: val.replace is not a function\n    at Object.SqlString.escape (/Users/nickm/Dropbox/www/dicanio/node_modules/sequelize/lib/sql-string.js:63:15)\n    at Object.escape (/Users/nickm/Dropbox/www/dicanio/node_modules/sequelize/lib/dialects/abstract/query-generator.js:978:22)\n    at Object.whereItemQuery (/Users/nickm/Dropbox/www/dicanio/node_modules/sequelize/lib/dialects/abstract/query-generator.js:2362:22)\n    at /Users/nickm/Dropbox/www/dicanio/node_modules/sequelize/lib/dialects/abstract/query-generator.js:1993:25\n    at /Users/nickm/Dropbox/www/dicanio/node_modules/sequelize/node_modules/lodash/lodash.js:4389:15\n    at baseForOwn (/Users/nickm/Dropbox/www/dicanio/node_modules/sequelize/node_modules/lodash/lodash.js:2652:24)\n    at Function.forOwn (/Users/nickm/Dropbox/www/dicanio/node_modules/sequelize/node_modules/lodash/lodash.js:12254:24)\n    at Object.whereItemsQuery (/Users/nickm/Dropbox/www/dicanio/node_modules/sequelize/lib/dialects/abstract/query-generator.js:1992:9)\n    at Object.getWhereConditions (/Users/nickm/Dropbox/www/dicanio/node_modules/sequelize/lib/dialects/abstract/query-generator.js:2427:19)\n    at Object.selectQuery (/Users/nickm/Dropbox/www/dicanio/node_modules/sequelize/lib/dialects/abstract/query-generator.js:1529:28)\n    at QueryInterface.select (/Users/nickm/Dropbox/www/dicanio/node_modules/sequelize/lib/query-interface.js:669:25)\n    at Model.<anonymous> (/Users/nickm/Dropbox/www/dicanio/node_modules/sequelize/lib/model.js:1398:32)\n    at Model.tryCatcher (/Users/nickm/Dropbox/www/dicanio/node_modules/bluebird/js/release/util.js:16:23)\n    at Promise._settlePromiseFromHandler (/Users/nickm/Dropbox/www/dicanio/node_modules/bluebird/js/release/promise.js:512:31)\n    at Promise._settlePromise (/Users/nickm/Dropbox/www/dicanio/node_modules/bluebird/js/release/promise.js:569:18)\n    at Promise._settlePromise0 (/Users/nickm/Dropbox/www/dicanio/node_modules/bluebird/js/release/promise.js:614:10)","level":"error","timestamp":"2017-07-08T23:08:37.801Z"}
{"message":"val.replace is not a function","stack":"TypeError: val.replace is not a function\n    at Object.SqlString.escape (/Users/nickm/Dropbox/www/dicanio/node_modules/sequelize/lib/sql-string.js:63:15)\n    at Object.escape (/Users/nickm/Dropbox/www/dicanio/node_modules/sequelize/lib/dialects/abstract/query-generator.js:978:22)\n    at Object.whereItemQuery (/Users/nickm/Dropbox/www/dicanio/node_modules/sequelize/lib/dialects/abstract/query-generator.js:2362:22)\n    at /Users/nickm/Dropbox/www/dicanio/node_modules/sequelize/lib/dialects/abstract/query-generator.js:1993:25\n    at /Users/nickm/Dropbox/www/dicanio/node_modules/sequelize/node_modules/lodash/lodash.js:4389:15\n    at baseForOwn (/Users/nickm/Dropbox/www/dicanio/node_modules/sequelize/node_modules/lodash/lodash.js:2652:24)\n    at Function.forOwn (/Users/nickm/Dropbox/www/dicanio/node_modules/sequelize/node_modules/lodash/lodash.js:12254:24)\n    at Object.whereItemsQuery (/Users/nickm/Dropbox/www/dicanio/node_modules/sequelize/lib/dialects/abstract/query-generator.js:1992:9)\n    at Object.getWhereConditions (/Users/nickm/Dropbox/www/dicanio/node_modules/sequelize/lib/dialects/abstract/query-generator.js:2427:19)\n    at Object.selectQuery (/Users/nickm/Dropbox/www/dicanio/node_modules/sequelize/lib/dialects/abstract/query-generator.js:1529:28)\n    at QueryInterface.select (/Users/nickm/Dropbox/www/dicanio/node_modules/sequelize/lib/query-interface.js:669:25)\n    at Model.<anonymous> (/Users/nickm/Dropbox/www/dicanio/node_modules/sequelize/lib/model.js:1398:32)\n    at Model.tryCatcher (/Users/nickm/Dropbox/www/dicanio/node_modules/bluebird/js/release/util.js:16:23)\n    at Promise._settlePromiseFromHandler (/Users/nickm/Dropbox/www/dicanio/node_modules/bluebird/js/release/promise.js:512:31)\n    at Promise._settlePromise (/Users/nickm/Dropbox/www/dicanio/node_modules/bluebird/js/release/promise.js:569:18)\n    at Promise._settlePromise0 (/Users/nickm/Dropbox/www/dicanio/node_modules/bluebird/js/release/promise.js:614:10)","level":"error","timestamp":"2017-07-08T23:08:42.332Z"}
{"message":"val.replace is not a function","stack":"TypeError: val.replace is not a function\n    at Object.SqlString.escape (/Users/nickm/Dropbox/www/dicanio/node_modules/sequelize/lib/sql-string.js:63:15)\n    at Object.escape (/Users/nickm/Dropbox/www/dicanio/node_modules/sequelize/lib/dialects/abstract/query-generator.js:978:22)\n    at Object.whereItemQuery (/Users/nickm/Dropbox/www/dicanio/node_modules/sequelize/lib/dialects/abstract/query-generator.js:2362:22)\n    at /Users/nickm/Dropbox/www/dicanio/node_modules/sequelize/lib/dialects/abstract/query-generator.js:1993:25\n    at /Users/nickm/Dropbox/www/dicanio/node_modules/sequelize/node_modules/lodash/lodash.js:4389:15\n    at baseForOwn (/Users/nickm/Dropbox/www/dicanio/node_modules/sequelize/node_modules/lodash/lodash.js:2652:24)\n    at Function.forOwn (/Users/nickm/Dropbox/www/dicanio/node_modules/sequelize/node_modules/lodash/lodash.js:12254:24)\n    at Object.whereItemsQuery (/Users/nickm/Dropbox/www/dicanio/node_modules/sequelize/lib/dialects/abstract/query-generator.js:1992:9)\n    at Object.getWhereConditions (/Users/nickm/Dropbox/www/dicanio/node_modules/sequelize/lib/dialects/abstract/query-generator.js:2427:19)\n    at Object.selectQuery (/Users/nickm/Dropbox/www/dicanio/node_modules/sequelize/lib/dialects/abstract/query-generator.js:1529:28)\n    at QueryInterface.select (/Users/nickm/Dropbox/www/dicanio/node_modules/sequelize/lib/query-interface.js:669:25)\n    at Model.<anonymous> (/Users/nickm/Dropbox/www/dicanio/node_modules/sequelize/lib/model.js:1398:32)\n    at Model.tryCatcher (/Users/nickm/Dropbox/www/dicanio/node_modules/bluebird/js/release/util.js:16:23)\n    at Promise._settlePromiseFromHandler (/Users/nickm/Dropbox/www/dicanio/node_modules/bluebird/js/release/promise.js:512:31)\n    at Promise._settlePromise (/Users/nickm/Dropbox/www/dicanio/node_modules/bluebird/js/release/promise.js:569:18)\n    at Promise._settlePromise0 (/Users/nickm/Dropbox/www/dicanio/node_modules/bluebird/js/release/promise.js:614:10)","level":"error","timestamp":"2017-07-08T23:10:51.314Z"}
{"message":"val.replace is not a function","stack":"TypeError: val.replace is not a function\n    at Object.SqlString.escape (/Users/nickm/Dropbox/www/dicanio/node_modules/sequelize/lib/sql-string.js:63:15)\n    at Object.escape (/Users/nickm/Dropbox/www/dicanio/node_modules/sequelize/lib/dialects/abstract/query-generator.js:978:22)\n    at Object.whereItemQuery (/Users/nickm/Dropbox/www/dicanio/node_modules/sequelize/lib/dialects/abstract/query-generator.js:2362:22)\n    at /Users/nickm/Dropbox/www/dicanio/node_modules/sequelize/lib/dialects/abstract/query-generator.js:1993:25\n    at /Users/nickm/Dropbox/www/dicanio/node_modules/sequelize/node_modules/lodash/lodash.js:4389:15\n    at baseForOwn (/Users/nickm/Dropbox/www/dicanio/node_modules/sequelize/node_modules/lodash/lodash.js:2652:24)\n    at Function.forOwn (/Users/nickm/Dropbox/www/dicanio/node_modules/sequelize/node_modules/lodash/lodash.js:12254:24)\n    at Object.whereItemsQuery (/Users/nickm/Dropbox/www/dicanio/node_modules/sequelize/lib/dialects/abstract/query-generator.js:1992:9)\n    at Object.getWhereConditions (/Users/nickm/Dropbox/www/dicanio/node_modules/sequelize/lib/dialects/abstract/query-generator.js:2427:19)\n    at Object.selectQuery (/Users/nickm/Dropbox/www/dicanio/node_modules/sequelize/lib/dialects/abstract/query-generator.js:1529:28)\n    at QueryInterface.select (/Users/nickm/Dropbox/www/dicanio/node_modules/sequelize/lib/query-interface.js:669:25)\n    at Model.<anonymous> (/Users/nickm/Dropbox/www/dicanio/node_modules/sequelize/lib/model.js:1398:32)\n    at Model.tryCatcher (/Users/nickm/Dropbox/www/dicanio/node_modules/bluebird/js/release/util.js:16:23)\n    at Promise._settlePromiseFromHandler (/Users/nickm/Dropbox/www/dicanio/node_modules/bluebird/js/release/promise.js:512:31)\n    at Promise._settlePromise (/Users/nickm/Dropbox/www/dicanio/node_modules/bluebird/js/release/promise.js:569:18)\n    at Promise._settlePromise0 (/Users/nickm/Dropbox/www/dicanio/node_modules/bluebird/js/release/promise.js:614:10)","level":"error","timestamp":"2017-07-08T23:12:00.826Z"}
{"message":"val.replace is not a function","stack":"TypeError: val.replace is not a function\n    at Object.SqlString.escape (/Users/nickm/Dropbox/www/dicanio/node_modules/sequelize/lib/sql-string.js:63:15)\n    at Object.escape (/Users/nickm/Dropbox/www/dicanio/node_modules/sequelize/lib/dialects/abstract/query-generator.js:978:22)\n    at Object.whereItemQuery (/Users/nickm/Dropbox/www/dicanio/node_modules/sequelize/lib/dialects/abstract/query-generator.js:2362:22)\n    at /Users/nickm/Dropbox/www/dicanio/node_modules/sequelize/lib/dialects/abstract/query-generator.js:1993:25\n    at /Users/nickm/Dropbox/www/dicanio/node_modules/sequelize/node_modules/lodash/lodash.js:4389:15\n    at baseForOwn (/Users/nickm/Dropbox/www/dicanio/node_modules/sequelize/node_modules/lodash/lodash.js:2652:24)\n    at Function.forOwn (/Users/nickm/Dropbox/www/dicanio/node_modules/sequelize/node_modules/lodash/lodash.js:12254:24)\n    at Object.whereItemsQuery (/Users/nickm/Dropbox/www/dicanio/node_modules/sequelize/lib/dialects/abstract/query-generator.js:1992:9)\n    at Object.getWhereConditions (/Users/nickm/Dropbox/www/dicanio/node_modules/sequelize/lib/dialects/abstract/query-generator.js:2427:19)\n    at Object.selectQuery (/Users/nickm/Dropbox/www/dicanio/node_modules/sequelize/lib/dialects/abstract/query-generator.js:1529:28)\n    at QueryInterface.select (/Users/nickm/Dropbox/www/dicanio/node_modules/sequelize/lib/query-interface.js:669:25)\n    at Model.<anonymous> (/Users/nickm/Dropbox/www/dicanio/node_modules/sequelize/lib/model.js:1398:32)\n    at Model.tryCatcher (/Users/nickm/Dropbox/www/dicanio/node_modules/bluebird/js/release/util.js:16:23)\n    at Promise._settlePromiseFromHandler (/Users/nickm/Dropbox/www/dicanio/node_modules/bluebird/js/release/promise.js:512:31)\n    at Promise._settlePromise (/Users/nickm/Dropbox/www/dicanio/node_modules/bluebird/js/release/promise.js:569:18)\n    at Promise._settlePromise0 (/Users/nickm/Dropbox/www/dicanio/node_modules/bluebird/js/release/promise.js:614:10)","level":"error","timestamp":"2017-07-08T23:12:04.056Z"}
{"level":"info","message":"Match 3726 edited by (unknown)","timestamp":"2017-07-09T07:53:38.858Z"}
{"level":"info","message":"Israel2 added to list of teams by (unknown)","timestamp":"2017-07-10T16:31:18.293Z"}
{"level":"info","message":"Israel3 added to list of teams by (unknown)","timestamp":"2017-07-10T16:32:14.832Z"}
{"level":"info","message":"Israel4 added to list of teams by (unknown)","timestamp":"2017-07-10T16:32:36.775Z"}
{"level":"info","message":"Nick logged in","timestamp":"2017-07-10T16:33:47.199Z"}
{"level":"info","message":"bob added to list of teams by (unknown)","timestamp":"2017-07-10T18:26:31.905Z"}
{"level":"warn","message":"Couldn't add afghani league to Leagues ((unknown))","timestamp":"2017-07-10T22:59:51.788Z"}
{"level":"warn","message":"Couldn't add afghani league to Leagues ((unknown))","timestamp":"2017-07-10T23:01:10.010Z"}
{"level":"warn","message":"Couldn't add afghani league to Leagues ((unknown))","timestamp":"2017-07-10T23:02:17.302Z"}
{"level":"warn","message":"Couldn't add xxxljskdvjslvjsd to Leagues ((unknown))","timestamp":"2017-07-10T23:02:26.903Z"}
{"level":"warn","message":"Couldn't add afghani league to Leagues ((unknown))","timestamp":"2017-07-10T23:03:36.100Z"}
{"level":"warn","message":"Couldn't add afghani league to Leagues ((unknown))","timestamp":"2017-07-10T23:04:15.395Z"}
{"level":"warn","message":"Couldn't add afghani league to Leagues ((unknown))","timestamp":"2017-07-10T23:05:07.711Z"}
{"level":"info","message":"afghani league added to list of leagues ((unknown))","timestamp":"2017-07-10T23:05:44.248Z"}
{"level":"info","message":"afghani league added to list of leagues ((unknown))","timestamp":"2017-07-10T23:06:43.186Z"}
{"level":"info","message":"Nick logged in","timestamp":"2017-07-11T11:47:43.340Z"}
{"level":"warn","message":"Couldn't add Linfield to Teams Nick","timestamp":"2017-07-11T11:52:29.141Z"}
{"level":"info","message":"Nick logged in","timestamp":"2017-07-11T11:54:18.410Z"}
{"level":"error","message":"Couldn't add Linfield to Teams Nick","timestamp":"2017-07-11T11:54:31.924Z"}
{"level":"info","message":"Nick logged in","timestamp":"2017-07-11T11:55:56.145Z"}
{"level":"info","message":"Linfield added to list of teams by Nick","timestamp":"2017-07-11T11:56:07.586Z"}
{"level":"info","message":"Match 3728 created by Nick","timestamp":"2017-07-11T11:56:57.937Z"}
{"level":"info","message":"Nick logged in","timestamp":"2017-07-11T17:47:23.505Z"}
{"level":"info","message":"Kukësi added to list of teams by Nick","timestamp":"2017-07-11T17:48:35.601Z"}
{"level":"info","message":"Sheriff added to list of teams by Nick","timestamp":"2017-07-11T18:07:38.773Z"}
{"level":"info","message":"København added to list of teams by Nick","timestamp":"2017-07-11T18:09:47.943Z"}
{"level":"info","message":"Žilina added to list of teams by Nick","timestamp":"2017-07-11T18:10:27.818Z"}
{"level":"info","message":"Žalgiris added to list of teams by Nick","timestamp":"2017-07-11T18:12:29.227Z"}
{"level":"info","message":"Zrinjski added to list of teams by Nick","timestamp":"2017-07-11T18:13:47.212Z"}
{"level":"info","message":"Salzburg added to list of teams by Nick","timestamp":"2017-07-11T18:14:11.508Z"}
{"level":"info","message":"Hibernians added to list of teams by Nick","timestamp":"2017-07-11T18:14:35.773Z"}
{"level":"info","message":"The New Saints added to list of teams by Nick","timestamp":"2017-07-11T18:37:36.971Z"}
{"level":"info","message":"Rijeka added to list of teams by Nick","timestamp":"2017-07-11T18:38:38.265Z"}
{"level":"info","message":"Match 3729 created by Nick","timestamp":"2017-07-11T19:07:36.276Z"}
{"level":"info","message":"Match 3730 created by Nick","timestamp":"2017-07-11T19:08:31.558Z"}
{"level":"info","message":"Match 3731 created by Nick","timestamp":"2017-07-11T19:09:42.689Z"}
{"level":"info","message":"Match 3732 created by Nick","timestamp":"2017-07-11T19:10:21.540Z"}
{"level":"info","message":"Match 3733 created by Nick","timestamp":"2017-07-11T19:11:13.386Z"}
{"level":"info","message":"Match 3734 created by Nick","timestamp":"2017-07-11T19:11:37.247Z"}
{"level":"info","message":"Match 3730 edited by Nick","timestamp":"2017-07-11T19:12:45.851Z"}
{"level":"info","message":"Nick logged in","timestamp":"2017-07-11T21:54:12.799Z"}
{"level":"info","message":"Nick logged in","timestamp":"2017-07-11T21:56:39.963Z"}
{"level":"info","message":"Nick logged out","timestamp":"2017-07-11T21:56:56.796Z"}
{"level":"info","message":"Nick logged in","timestamp":"2017-07-11T21:57:16.293Z"}
{"level":"info","message":"Team 621 has been deleted by (unknown)","timestamp":"2017-07-12T08:35:35.422Z"}
{"level":"info","message":"Team 6214444 has been deleted by (unknown)","timestamp":"2017-07-12T11:37:48.964Z"}
{"level":"info","message":"Unused United (team id: 622) deleted by (unknown)","timestamp":"2017-07-12T12:16:07.835Z"}
{"level":"error","message":"tried to delete match: 300 but predictions/bets exist","timestamp":"2017-07-12T14:31:31.287Z"}
{"level":"info","message":"match: 3728 deleted by (unknown)","timestamp":"2017-07-12T14:31:56.410Z"}
{"level":"info","message":"Match 3735 created by (unknown)","timestamp":"2017-07-12T14:32:16.947Z"}
{"level":"info","message":"Match 3735 edited by (unknown)","timestamp":"2017-07-12T14:32:36.373Z"}
{"level":"info","message":"Match 3735 edited by (unknown)","timestamp":"2017-07-12T14:33:00.958Z"}
{"level":"info","message":"Nick logged in","timestamp":"2017-07-12T14:33:17.898Z"}
{"level":"info","message":"New League added to list of leagues ((unknown))","timestamp":"2017-07-12T20:18:44.119Z"}
{"level":"info","message":"Nick logged in","timestamp":"2017-07-12T20:18:57.719Z"}
{"level":"info","message":"Nick logged in","timestamp":"2017-07-12T20:23:51.936Z"}
{"level":"info","message":"New League (league id: 127) deleted by Nick","timestamp":"2017-07-12T20:24:35.002Z"}
{"level":"info","message":"New League added to list of leagues (Nick)","timestamp":"2017-07-12T20:25:24.157Z"}
{"level":"info","message":"New League (league id: 128) deleted by Nick","timestamp":"2017-07-12T20:26:44.353Z"}
{"level":"info","message":"Nick made a password reset request","timestamp":"2017-07-13T13:50:33.926Z"}
{"level":"info","message":"Nick made a password reset request","timestamp":"2017-07-13T13:57:02.490Z"}
{"level":"error","message":"ReferenceError","timestamp":"2017-07-13T13:57:02.516Z"}
{"level":"info","message":"Nick made a password reset request","timestamp":"2017-07-13T14:01:24.878Z"}
{"level":"error","message":"Error","timestamp":"2017-07-13T14:01:24.902Z"}
{"level":"info","message":"Nick made a password reset request","timestamp":"2017-07-13T14:05:53.139Z"}
{"level":"error","message":"TypeError","timestamp":"2017-07-13T14:05:53.149Z"}
{"level":"info","message":"Nick made a password reset request","timestamp":"2017-07-13T15:14:05.513Z"}
{"level":"error","message":"TypeError","timestamp":"2017-07-13T15:14:05.535Z"}
{"level":"info","message":"Nick made a password reset request","timestamp":"2017-07-13T15:17:45.341Z"}
{"level":"info","message":"Nick made a password reset request","timestamp":"2017-07-13T15:20:32.822Z"}
{"level":"info","message":"Nick made a password reset request","timestamp":"2017-07-13T15:22:22.324Z"}
{"level":"info","message":"Nick made a password reset request","timestamp":"2017-07-13T15:24:45.894Z"}
{"level":"info","message":"Nick made a password reset request","timestamp":"2017-07-13T15:26:47.267Z"}
{"level":"info","message":"Nick successfully reset their password","timestamp":"2017-07-13T16:03:41.536Z"}
{"level":"warn","message":"Password reset request failed for (bob, a@b.c) - no such user","timestamp":"2017-07-13T20:22:51.985Z"}
{"level":"info","message":"Nick logged in","timestamp":"2017-07-14T14:03:54.977Z"}
